2019-09-10 11:07:22:880   系统启动。。。
2019-09-10 11:07:45:508   设备：192.168.1.199:12345连接！
2019-09-10 11:07:45:525   创建设备：192.168.1.199:12345接收线程！
2019-09-10 11:07:45:527   192.168.1.199:12345接收数据：+NAME:??????1

2019-09-10 11:07:52:849   当前设备为：192.168.1.199:12345！
2019-09-10 11:07:52:850   创建设备：192.168.1.199:12345发送线程！
2019-09-10 11:07:52:853   当前设备为：192.168.1.199:12345！
2019-09-10 11:07:52:854   创建设备：192.168.1.199:12345发送线程！
2019-09-10 11:07:52:923   ListeningThread:一个封锁操作被对 WSACancelBlockingCall 的调用中断。
2019-09-10 11:07:52:931   系统关闭。。。
2019-09-10 11:07:52:933   ListeningThread:无法访问已释放的对象。
对象名:“System.Net.Sockets.Socket”。
2019-09-10 11:07:52:935   ListeningThread:无法访问已释放的对象。
对象名:“System.Net.Sockets.Socket”。
2019-09-10 11:07:52:936   ListeningThread:无法访问已释放的对象。
对象名:“System.Net.Sockets.Socket”。
2019-09-10 11:07:52:937   ListeningThread:无法访问已释放的对象。
对象名:“System.Net.Sockets.Socket”。
2019-09-10 11:07:52:939   ListeningThread:无法访问已释放的对象。
对象名:“System.Net.Sockets.Socket”。
2019-09-10 11:07:52:940   ListeningThread:无法访问已释放的对象。
对象名:“System.Net.Sockets.Socket”。
2019-09-10 11:07:52:941   ListeningThread:无法访问已释放的对象。
对象名:“System.Net.Sockets.Socket”。
2019-09-10 11:07:52:942   ListeningThread:无法访问已释放的对象。
对象名:“System.Net.Sockets.Socket”。
2019-09-10 11:07:52:943   ListeningThread:无法访问已释放的对象。
对象名:“System.Net.Sockets.Socket”。
2019-09-10 11:07:52:944   ListeningThread:无法访问已释放的对象。
对象名:“System.Net.Sockets.Socket”。
2019-09-10 11:07:52:945   ListeningThread:无法访问已释放的对象。
对象名:“System.Net.Sockets.Socket”。
2019-09-10 11:07:52:946   ListeningThread:无法访问已释放的对象。
对象名:“System.Net.Sockets.Socket”。
2019-09-10 11:07:52:947   ListeningThread:无法访问已释放的对象。
对象名:“System.Net.Sockets.Socket”。
2019-09-10 11:07:52:948   ListeningThread:无法访问已释放的对象。
对象名:“System.Net.Sockets.Socket”。
2019-09-10 11:07:52:949   ListeningThread:无法访问已释放的对象。
对象名:“System.Net.Sockets.Socket”。
2019-09-10 11:07:52:950   ListeningThread:无法访问已释放的对象。
对象名:“System.Net.Sockets.Socket”。
2019-09-10 11:07:52:952   ListeningThread:无法访问已释放的对象。
对象名:“System.Net.Sockets.Socket”。
2019-09-10 11:07:52:953   ListeningThread:无法访问已释放的对象。
对象名:“System.Net.Sockets.Socket”。
2019-09-10 11:07:52:954   ListeningThread:无法访问已释放的对象。
对象名:“System.Net.Sockets.Socket”。
2019-09-10 11:07:52:955   ListeningThread:无法访问已释放的对象。
对象名:“System.Net.Sockets.Socket”。
2019-09-10 11:07:52:956   ListeningThread:无法访问已释放的对象。
对象名:“System.Net.Sockets.Socket”。
2019-09-10 11:07:52:957   ListeningThread:无法访问已释放的对象。
对象名:“System.Net.Sockets.Socket”。
2019-09-10 11:07:52:958   ListeningThread:无法访问已释放的对象。
对象名:“System.Net.Sockets.Socket”。
2019-09-10 11:07:52:958   ListeningThread:无法访问已释放的对象。
对象名:“System.Net.Sockets.Socket”。
2019-09-10 11:07:52:959   ListeningThread:无法访问已释放的对象。
对象名:“System.Net.Sockets.Socket”。
2019-09-10 11:07:52:960   ListeningThread:无法访问已释放的对象。
对象名:“System.Net.Sockets.Socket”。
2019-09-10 11:07:52:961   ListeningThread:无法访问已释放的对象。
对象名:“System.Net.Sockets.Socket”。
2019-09-10 11:07:52:962   ListeningThread:无法访问已释放的对象。
对象名:“System.Net.Sockets.Socket”。
2019-09-10 11:07:52:962   ListeningThread:无法访问已释放的对象。
对象名:“System.Net.Sockets.Socket”。
2019-09-10 11:07:52:963   ListeningThread:无法访问已释放的对象。
对象名:“System.Net.Sockets.Socket”。
2019-09-10 11:07:52:964   ListeningThread:无法访问已释放的对象。
对象名:“System.Net.Sockets.Socket”。
2019-09-10 11:07:52:965   ListeningThread:无法访问已释放的对象。
对象名:“System.Net.Sockets.Socket”。
2019-09-10 11:07:52:966   ListeningThread:无法访问已释放的对象。
对象名:“System.Net.Sockets.Socket”。
