2019-10-23 10:01:25:701   系统启动。。。
2019-10-23 10:11:59:067   ListeningThread:一个封锁操作被对 WSACancelBlockingCall 的调用中断。
2019-10-23 10:11:59:115   系统关闭。。。
2019-10-23 10:11:59:116   ListeningThread:无法访问已释放的对象。
对象名:“System.Net.Sockets.Socket”。
2019-10-23 10:11:59:117   ListeningThread:无法访问已释放的对象。
对象名:“System.Net.Sockets.Socket”。
2019-10-23 10:11:59:118   ListeningThread:无法访问已释放的对象。
对象名:“System.Net.Sockets.Socket”。
2019-10-23 10:11:59:118   ListeningThread:无法访问已释放的对象。
对象名:“System.Net.Sockets.Socket”。
2019-10-23 10:11:59:119   ListeningThread:无法访问已释放的对象。
对象名:“System.Net.Sockets.Socket”。
2019-10-23 10:11:59:120   ListeningThread:无法访问已释放的对象。
对象名:“System.Net.Sockets.Socket”。
2019-10-23 10:11:59:120   ListeningThread:无法访问已释放的对象。
对象名:“System.Net.Sockets.Socket”。
2019-10-23 10:11:59:121   ListeningThread:无法访问已释放的对象。
对象名:“System.Net.Sockets.Socket”。
2019-10-23 10:11:59:122   ListeningThread:无法访问已释放的对象。
对象名:“System.Net.Sockets.Socket”。
2019-10-23 10:11:59:123   ListeningThread:无法访问已释放的对象。
对象名:“System.Net.Sockets.Socket”。
2019-10-23 10:11:59:124   ListeningThread:无法访问已释放的对象。
对象名:“System.Net.Sockets.Socket”。
2019-10-23 10:11:59:124   ListeningThread:无法访问已释放的对象。
对象名:“System.Net.Sockets.Socket”。
2019-10-23 10:11:59:125   ListeningThread:无法访问已释放的对象。
对象名:“System.Net.Sockets.Socket”。
2019-10-23 10:11:59:126   ListeningThread:无法访问已释放的对象。
对象名:“System.Net.Sockets.Socket”。
2019-10-23 10:11:59:128   ListeningThread:无法访问已释放的对象。
对象名:“System.Net.Sockets.Socket”。
2019-10-23 10:11:59:128   ListeningThread:无法访问已释放的对象。
对象名:“System.Net.Sockets.Socket”。
2019-10-23 10:11:59:129   ListeningThread:无法访问已释放的对象。
对象名:“System.Net.Sockets.Socket”。
2019-10-23 10:11:59:129   ListeningThread:无法访问已释放的对象。
对象名:“System.Net.Sockets.Socket”。
2019-10-23 10:11:59:130   ListeningThread:无法访问已释放的对象。
对象名:“System.Net.Sockets.Socket”。
2019-10-23 10:11:59:131   ListeningThread:无法访问已释放的对象。
对象名:“System.Net.Sockets.Socket”。
2019-10-23 10:11:59:131   ListeningThread:无法访问已释放的对象。
对象名:“System.Net.Sockets.Socket”。
2019-10-23 10:11:59:132   ListeningThread:无法访问已释放的对象。
对象名:“System.Net.Sockets.Socket”。
2019-10-23 10:11:59:133   ListeningThread:无法访问已释放的对象。
对象名:“System.Net.Sockets.Socket”。
2019-10-23 10:11:59:134   ListeningThread:无法访问已释放的对象。
对象名:“System.Net.Sockets.Socket”。
2019-10-23 10:11:59:134   ListeningThread:无法访问已释放的对象。
对象名:“System.Net.Sockets.Socket”。
2019-10-23 10:11:59:135   ListeningThread:无法访问已释放的对象。
对象名:“System.Net.Sockets.Socket”。
2019-10-23 10:11:59:136   ListeningThread:无法访问已释放的对象。
对象名:“System.Net.Sockets.Socket”。
2019-10-23 10:11:59:137   ListeningThread:无法访问已释放的对象。
对象名:“System.Net.Sockets.Socket”。
2019-10-23 10:11:59:137   ListeningThread:无法访问已释放的对象。
对象名:“System.Net.Sockets.Socket”。
2019-10-23 10:11:59:138   ListeningThread:无法访问已释放的对象。
对象名:“System.Net.Sockets.Socket”。
2019-10-23 10:11:59:139   ListeningThread:无法访问已释放的对象。
对象名:“System.Net.Sockets.Socket”。
2019-10-23 10:11:59:139   ListeningThread:无法访问已释放的对象。
对象名:“System.Net.Sockets.Socket”。
2019-10-23 10:11:59:140   ListeningThread:无法访问已释放的对象。
对象名:“System.Net.Sockets.Socket”。
2019-10-23 10:11:59:140   ListeningThread:无法访问已释放的对象。
对象名:“System.Net.Sockets.Socket”。
2019-10-23 10:11:59:141   ListeningThread:无法访问已释放的对象。
对象名:“System.Net.Sockets.Socket”。
2019-10-23 10:11:59:142   ListeningThread:无法访问已释放的对象。
对象名:“System.Net.Sockets.Socket”。
2019-10-23 10:11:59:142   ListeningThread:无法访问已释放的对象。
对象名:“System.Net.Sockets.Socket”。
2019-10-23 10:11:59:143   ListeningThread:无法访问已释放的对象。
对象名:“System.Net.Sockets.Socket”。
2019-10-23 10:11:59:144   ListeningThread:无法访问已释放的对象。
对象名:“System.Net.Sockets.Socket”。
2019-10-23 10:11:59:145   ListeningThread:无法访问已释放的对象。
对象名:“System.Net.Sockets.Socket”。
2019-10-23 10:11:59:146   ListeningThread:无法访问已释放的对象。
对象名:“System.Net.Sockets.Socket”。
2019-10-23 10:11:59:146   ListeningThread:无法访问已释放的对象。
对象名:“System.Net.Sockets.Socket”。
